f:\guyi_code\gy_personmove\gy_personmove\debug\gy_personmove.pch
f:\guyi_code\gy_personmove\gy_personmove\debug\vc140.pdb
f:\guyi_code\gy_personmove\gy_personmove\debug\vc140.idb
f:\guyi_code\gy_personmove\gy_personmove\debug\stdafx.obj
f:\guyi_code\gy_personmove\gy_personmove\debug\classview.obj
f:\guyi_code\gy_personmove\gy_personmove\debug\fileview.obj
f:\guyi_code\gy_personmove\gy_personmove\debug\gy_personmove.obj
f:\guyi_code\gy_personmove\gy_personmove\debug\gy_personmovedoc.obj
f:\guyi_code\gy_personmove\gy_personmove\debug\gy_personmoveview.obj
f:\guyi_code\gy_personmove\gy_personmove\debug\mainfrm.obj
f:\guyi_code\gy_personmove\gy_personmove\debug\outputwnd.obj
f:\guyi_code\gy_personmove\gy_personmove\debug\propertieswnd.obj
f:\guyi_code\gy_personmove\gy_personmove\debug\viewtree.obj
f:\guyi_code\gy_personmove\debug\gy_personmove.ilk
f:\guyi_code\gy_personmove\debug\gy_personmove.exe
f:\guyi_code\gy_personmove\debug\gy_personmove.pdb
f:\guyi_code\gy_personmove\gy_personmove\debug\gy_personmove.res
f:\guyi_code\gy_personmove\gy_personmove\debug\gy_personmove.tlog\cl.command.1.tlog
f:\guyi_code\gy_personmove\gy_personmove\debug\gy_personmove.tlog\cl.read.1.tlog
f:\guyi_code\gy_personmove\gy_personmove\debug\gy_personmove.tlog\cl.write.1.tlog
f:\guyi_code\gy_personmove\gy_personmove\debug\gy_personmove.tlog\link.command.1.tlog
f:\guyi_code\gy_personmove\gy_personmove\debug\gy_personmove.tlog\link.read.1.tlog
f:\guyi_code\gy_personmove\gy_personmove\debug\gy_personmove.tlog\link.write.1.tlog
f:\guyi_code\gy_personmove\gy_personmove\debug\gy_personmove.tlog\rc.command.1.tlog
f:\guyi_code\gy_personmove\gy_personmove\debug\gy_personmove.tlog\rc.read.1.tlog
f:\guyi_code\gy_personmove\gy_personmove\debug\gy_personmove.tlog\rc.write.1.tlog
