f:\guyi_code\gy_drawtool\gy_drawtool\debug\gy_drawtool.pch
f:\guyi_code\gy_drawtool\gy_drawtool\debug\vc140.pdb
f:\guyi_code\gy_drawtool\gy_drawtool\debug\vc140.idb
f:\guyi_code\gy_drawtool\gy_drawtool\debug\stdafx.obj
f:\guyi_code\gy_drawtool\gy_drawtool\debug\arbitrary_painting.obj
f:\guyi_code\gy_drawtool\gy_drawtool\debug\classview.obj
f:\guyi_code\gy_drawtool\gy_drawtool\debug\element.obj
f:\guyi_code\gy_drawtool\gy_drawtool\debug\fileview.obj
f:\guyi_code\gy_drawtool\gy_drawtool\debug\gy_drawtool.obj
f:\guyi_code\gy_drawtool\gy_drawtool\debug\gy_drawtooldoc.obj
f:\guyi_code\gy_drawtool\gy_drawtool\debug\line.obj
f:\guyi_code\gy_drawtool\gy_drawtool\debug\mainfrm.obj
f:\guyi_code\gy_drawtool\gy_drawtool\debug\outputwnd.obj
f:\guyi_code\gy_drawtool\gy_drawtool\debug\point2d.obj
f:\guyi_code\gy_drawtool\gy_drawtool\debug\propertieswnd.obj
f:\guyi_code\gy_drawtool\gy_drawtool\debug\viewtree.obj
f:\guyi_code\gy_drawtool\gy_drawtool\debug\gy_drawtoolview.obj
f:\guyi_code\gy_drawtool\debug\gy_drawtool.ilk
f:\guyi_code\gy_drawtool\debug\gy_drawtool.exe
f:\guyi_code\gy_drawtool\debug\gy_drawtool.pdb
f:\guyi_code\gy_drawtool\gy_drawtool\debug\gy_drawtool.res
f:\guyi_code\gy_drawtool\gy_drawtool\debug\gy_drawtool.tlog\cl.command.1.tlog
f:\guyi_code\gy_drawtool\gy_drawtool\debug\gy_drawtool.tlog\cl.read.1.tlog
f:\guyi_code\gy_drawtool\gy_drawtool\debug\gy_drawtool.tlog\cl.write.1.tlog
f:\guyi_code\gy_drawtool\gy_drawtool\debug\gy_drawtool.tlog\link.command.1.tlog
f:\guyi_code\gy_drawtool\gy_drawtool\debug\gy_drawtool.tlog\link.read.1.tlog
f:\guyi_code\gy_drawtool\gy_drawtool\debug\gy_drawtool.tlog\link.write.1.tlog
f:\guyi_code\gy_drawtool\gy_drawtool\debug\gy_drawtool.tlog\rc.command.1.tlog
f:\guyi_code\gy_drawtool\gy_drawtool\debug\gy_drawtool.tlog\rc.read.1.tlog
f:\guyi_code\gy_drawtool\gy_drawtool\debug\gy_drawtool.tlog\rc.write.1.tlog
