f:\guyi_code\animation\animation\debug\animation.pch
f:\guyi_code\animation\animation\debug\vc140.pdb
f:\guyi_code\animation\animation\debug\vc140.idb
f:\guyi_code\animation\animation\debug\stdafx.obj
f:\guyi_code\animation\animation\debug\animation.obj
f:\guyi_code\animation\animation\debug\animationdoc.obj
f:\guyi_code\animation\animation\debug\animationview.obj
f:\guyi_code\animation\animation\debug\classview.obj
f:\guyi_code\animation\animation\debug\fileview.obj
f:\guyi_code\animation\animation\debug\mainfrm.obj
f:\guyi_code\animation\animation\debug\outputwnd.obj
f:\guyi_code\animation\animation\debug\propertieswnd.obj
f:\guyi_code\animation\animation\debug\viewtree.obj
f:\guyi_code\animation\debug\animation.ilk
f:\guyi_code\animation\debug\animation.exe
f:\guyi_code\animation\debug\animation.pdb
f:\guyi_code\animation\animation\debug\animation.res
f:\guyi_code\animation\animation\debug\animation.tlog\cl.command.1.tlog
f:\guyi_code\animation\animation\debug\animation.tlog\cl.read.1.tlog
f:\guyi_code\animation\animation\debug\animation.tlog\cl.write.1.tlog
f:\guyi_code\animation\animation\debug\animation.tlog\link.command.1.tlog
f:\guyi_code\animation\animation\debug\animation.tlog\link.read.1.tlog
f:\guyi_code\animation\animation\debug\animation.tlog\link.write.1.tlog
f:\guyi_code\animation\animation\debug\animation.tlog\rc.command.1.tlog
f:\guyi_code\animation\animation\debug\animation.tlog\rc.read.1.tlog
f:\guyi_code\animation\animation\debug\animation.tlog\rc.write.1.tlog
